<?xml version="1.0" encoding="UTF-8"?>
<!-- Generated by org.testng.reporters.JUnitXMLReporter -->
<testsuite hostname="PTUA-LS0219" name="Command line test ac33a8b2-b656-4dc2-b8fd-98b8d4e99c6d" tests="2" failures="0" timestamp="12 Dec 2014 14:15:36 GMT" time="9.624" errors="0">
  <testcase name="loginFromHeader" time="5.76" classname="main.IceLoginTest"/>
  <testcase name="loginFromPopup" time="0.0" classname="main.IceLoginTest"/>
</testsuite> <!-- Command line test ac33a8b2-b656-4dc2-b8fd-98b8d4e99c6d -->
