<?xml version="1.0" encoding="UTF-8"?>
<!-- Generated by org.testng.reporters.JUnitXMLReporter -->
<testsuite hostname="PTUA-LS0219" name="Command line test 7ad8afa6-3c5a-483b-beb5-f42bcd039711" tests="1" failures="1" timestamp="12 Dec 2014 14:16:04 GMT" time="9.142" errors="0">
  <testcase name="searchGoogle" time="3.007" classname="main.SearchTest">
    <failure type="java.lang.AssertionError" message="expected [true] but found [false]">
      <![CDATA[java.lang.AssertionError: expected [true] but found [false]
	at main.SearchTest.searchGoogle(SearchTest.java:45)
	at org.springframework.test.context.testng.AbstractTestNGSpringContextTests.run(AbstractTestNGSpringContextTests.java:155)
... Removed 39 stack frames]]>
    </failure>
  </testcase> <!-- searchGoogle -->
</testsuite> <!-- Command line test 7ad8afa6-3c5a-483b-beb5-f42bcd039711 -->
